================================================================================
SCAN LOG - 2025-12-03 10:13:03
================================================================================
Type: SCHEDULED
Market Regime: BULL
Status: Complete - Found 0 signal(s)

INSTRUMENTS SCANNED (54):
  NVDA, V, MA, AVGO, AXP, KLAC, ORCL, MRVL, ABBV, SYK, EOG, TXN, GILD, INTU, MSFT, QCOM, JPM, JNJ, PFE, WMT, AMAT, ADI, NOW, MLM, IDXX, EXR, ROAD, INSM, SCHW, AIG, USB, CVS, LOW, LMT, COP, SLB, APD, MS, PNC, CRM, ADBE, TGT, CAT, XOM, MPC, ECL, NEE, HCA, CMCSA, TMUS, META, ETN, HD, SHW

Signals Found: 0

NO SIGNALS - All stocks screened, none met criteria

PERFORMANCE SUMMARY:
  Total Trades: 0
  Win Rate: 0.0%
  Total Return: +0.03%
  Days Tracked: 4

================================================================================

================================================================================
SCAN LOG - 2025-12-03 15:45:10
================================================================================
Type: SCHEDULED
Market Regime: BULL
Status: Complete - Found 0 signal(s)

INSTRUMENTS SCANNED (54):
  NVDA, V, MA, AVGO, AXP, KLAC, ORCL, MRVL, ABBV, SYK, EOG, TXN, GILD, INTU, MSFT, QCOM, JPM, JNJ, PFE, WMT, AMAT, ADI, NOW, MLM, IDXX, EXR, ROAD, INSM, SCHW, AIG, USB, CVS, LOW, LMT, COP, SLB, APD, MS, PNC, CRM, ADBE, TGT, CAT, XOM, MPC, ECL, NEE, HCA, CMCSA, TMUS, META, ETN, HD, SHW

Signals Found: 0

NO SIGNALS - All stocks screened, none met criteria

PERFORMANCE SUMMARY:
  Total Trades: 0
  Win Rate: 0.0%
  Total Return: +0.03%
  Days Tracked: 4

================================================================================

