========================================================================================================================
RECENT SCANS SUMMARY (Last 50)
========================================================================================================================
Timestamp            | Type       | Regime          | Signals    | Status
------------------------------------------------------------------------------------------------------------------------
========================================================================================================================
RECENT SCANS SUMMARY (Last 50)
========================================================================================================================
Timestamp            | Type       | Regime          | Signals    | Status
------------------------------------------------------------------------------------------------------------------------
========================================================================================================================
RECENT SCANS SUMMARY (Last 50)
========================================================================================================================
Timestamp            | Type       | Regime          | Signals    | Status
------------------------------------------------------------------------------------------------------------------------
========================================================================================================================
RECENT SCANS SUMMARY (Last 50)
========================================================================================================================
Timestamp            | Type       | Regime          | Signals    | Status
------------------------------------------------------------------------------------------------------------------------
========================================================================================================================
RECENT SCANS SUMMARY (Last 50)
========================================================================================================================
Timestamp            | Type       | Regime          | Signals    | Status
------------------------------------------------------------------------------------------------------------------------
2025-11-16 16:59:12 | MANUAL     | Regime: BULL     | Signals: 0 | Status: Complete - Found 0 signal(s)
2025-11-17 15:30:14 | SCHEDULED  | Regime: BULL     | Signals: 0 | Status: Complete - Found 0 signal(s)
2025-11-19 15:30:05 | SCHEDULED  | Regime: SIDEWAYS | Signals: 0 | Status: Complete - Found 0 signal(s)
2025-12-03 10:13:03 | SCHEDULED  | Regime: BULL     | Signals: 0 | Status: Complete - Found 0 signal(s)
2025-12-03 15:45:10 | SCHEDULED  | Regime: BULL     | Signals: 0 | Status: Complete - Found 0 signal(s)
